<?xml version="1.0" encoding="UTF-8"?>
<!-- Generated by org.testng.reporters.JUnitReportReporter -->
<testsuite skipped="0" hostname="LAPTOP-OUDA7E8T" name="Training.MutlipleTimesTestNG" tests="8" failures="0" timestamp="2021-11-10T09:12:04 IST" time="0.036" errors="0">
  <testcase name="runMultiple" time="0.004" classname="Training.MutlipleTimesTestNG"/>
  <system-out/>
  <testcase name="runMultiple" time="0.003" classname="Training.MutlipleTimesTestNG"/>
  <system-out/>
  <testcase name="runMultiple" time="0.004" classname="Training.MutlipleTimesTestNG"/>
  <system-out/>
  <testcase name="runMultiple" time="0.002" classname="Training.MutlipleTimesTestNG"/>
  <system-out/>
  <testcase name="runMultiple" time="0.012" classname="Training.MutlipleTimesTestNG"/>
  <system-out/>
  <testcase name="runMultiple" time="0.003" classname="Training.MutlipleTimesTestNG"/>
  <system-out/>
  <testcase name="runMultiple" time="0.006" classname="Training.MutlipleTimesTestNG"/>
  <system-out/>
  <testcase name="runMultiple" time="0.002" classname="Training.MutlipleTimesTestNG"/>
  <system-out/>
</testsuite> <!-- Training.MutlipleTimesTestNG -->
