<?xml version="1.0" encoding="UTF-8"?>
<!-- Generated by org.testng.reporters.JUnitReportReporter -->
<testsuite skipped="2" hostname="LAPTOP-OUDA7E8T" name="Training.SkipExceptionTestNg" tests="3" failures="0" timestamp="2021-11-10T18:02:18 IST" time="0.023" errors="0">
  <testcase name="testCaseSkipException" time="0.004" classname="Training.SkipExceptionTestNg">
    <skipped/>
  </testcase> <!-- testCaseSkipException -->
  <system-out/>
  <testcase name="testCaseConditionalSkipException" time="0.016" classname="Training.SkipExceptionTestNg">
    <skipped/>
  </testcase> <!-- testCaseConditionalSkipException -->
  <system-out/>
  <testcase name="testCaseEnabling" time="0.003" classname="Training.SkipExceptionTestNg"/>
  <system-out/>
</testsuite> <!-- Training.SkipExceptionTestNg -->
