<?xml version="1.0" encoding="UTF-8"?>
<!-- Generated by org.testng.reporters.JUnitReportReporter -->
<testsuite skipped="0" hostname="LAPTOP-OUDA7E8T" name="Training.DependsTestNG" tests="5" failures="0" timestamp="2021-11-09T19:15:07 IST" time="0.031" errors="0">
  <testcase name="login" time="0.004" classname="Training.DependsTestNG"/>
  <system-out/>
  <testcase name="viewAccount" time="0.004" classname="Training.DependsTestNG"/>
  <system-out/>
  <testcase name="logout" time="0.004" classname="Training.DependsTestNG"/>
  <system-out/>
  <testcase name="viewAccount2" time="0.002" classname="Training.DependsTestNG"/>
  <system-out/>
  <testcase name="OpenBrowser" time="0.017" classname="Training.DependsTestNG"/>
  <system-out/>
</testsuite> <!-- Training.DependsTestNG -->
