<?xml version="1.0" encoding="UTF-8"?>
<!-- Generated by org.testng.reporters.JUnitReportReporter -->
<testsuite skipped="0" hostname="LAPTOP-OUDA7E8T" name="Training.TestNgGroups" tests="1" failures="0" timestamp="2021-11-10T18:09:20 IST" time="0.022" errors="0">
  <testcase name="starting" time="0.022" classname="Training.TestNgGroups"/>
  <system-out/>
</testsuite> <!-- Training.TestNgGroups -->
