<?xml version="1.0" encoding="UTF-8"?>
<!-- Generated by org.testng.reporters.JUnitReportReporter -->
<testsuite skipped="0" hostname="LAPTOP-OUDA7E8T" name="Training.DependsTest" tests="3" failures="0" timestamp="2021-11-09T19:10:40 IST" time="0.024" errors="0">
  <testcase name="logout" time="0.002" classname="Training.DependsTest"/>
  <system-out/>
  <testcase name="OpenBrowser" time="0.020" classname="Training.DependsTest"/>
  <system-out/>
  <testcase name="signIn" time="0.002" classname="Training.DependsTest"/>
  <system-out/>
</testsuite> <!-- Training.DependsTest -->
